[ 2025-08-24 17:43:14,456 ] 20 root - INFO - Initiate the data ingestion
[ 2025-08-24 17:43:17,402 ] 65 root - INFO - Performed train test split on the dataframe
[ 2025-08-24 17:43:17,402 ] 67 root - INFO - Exited split_data_as_train_test method of Data_Ingestion class
[ 2025-08-24 17:43:17,403 ] 75 root - INFO - Exporting train and test file path.
[ 2025-08-24 17:43:17,460 ] 84 root - INFO - Exported train and test file path.
[ 2025-08-24 17:43:17,460 ] 22 root - INFO - Data Initiation Completed
[ 2025-08-24 17:43:17,466 ] 26 root - INFO - Initiate the data Validation
[ 2025-08-24 17:43:17,566 ] 32 root - INFO - Required number of columns:2
[ 2025-08-24 17:43:17,567 ] 33 root - INFO - Data frame has columns:31
[ 2025-08-24 17:43:17,567 ] 32 root - INFO - Required number of columns:2
[ 2025-08-24 17:43:17,567 ] 33 root - INFO - Data frame has columns:31
[ 2025-08-24 17:43:17,696 ] 28 root - INFO - data Validation Completed
[ 2025-08-24 17:43:17,697 ] 31 root - INFO - data Transformation started
[ 2025-08-24 17:43:17,697 ] 63 root - INFO - Entered initiate_data_transformation method of DataTransformation class
[ 2025-08-24 17:43:17,697 ] 65 root - INFO - Starting data transformation
[ 2025-08-24 17:43:17,715 ] 48 root - INFO - Entered get_data_trnasformer_object method of Trnasformation class
[ 2025-08-24 17:43:17,715 ] 53 root - INFO - Initialise KNNImputer with {'missing_values': nan, 'n_neighbors': 3, 'weights': 'uniform'}
[ 2025-08-24 17:43:17,728 ] 46 root - INFO - Entered the save_object method of MainUtils class
[ 2025-08-24 17:43:17,732 ] 50 root - INFO - Exited the save_object method of MainUtils class
[ 2025-08-24 17:43:17,732 ] 46 root - INFO - Entered the save_object method of MainUtils class
[ 2025-08-24 17:43:17,735 ] 50 root - INFO - Exited the save_object method of MainUtils class
[ 2025-08-24 17:43:17,741 ] 35 root - INFO - data Transformation completed
[ 2025-08-24 17:43:17,741 ] 37 root - INFO - Model Training sstared
[ 2025-08-24 17:46:11,414 ] 59 root - INFO - F1: 0.9910441685324649, Precision: 0.9878271454656117, Recall: 0.9942822136001633
[ 2025-08-24 17:46:11,479 ] 59 root - INFO - F1: 0.9767441860465116, Precision: 0.9702427564604542, Recall: 0.9833333333333333
[ 2025-08-24 17:46:11,492 ] 46 root - INFO - Entered the save_object method of MainUtils class
[ 2025-08-24 17:46:11,493 ] 50 root - INFO - Exited the save_object method of MainUtils class
[ 2025-08-24 17:46:11,493 ] 46 root - INFO - Entered the save_object method of MainUtils class
[ 2025-08-24 17:46:11,531 ] 50 root - INFO - Exited the save_object method of MainUtils class
[ 2025-08-24 17:46:11,532 ] 142 root - INFO - Model trainer artifact: ModelTrainerArtifact(trained_model_file_path='Artifacts\\08_24_2025_17_43_08\\model_trainer\\trained_model\\model.pkl', train_metric_artifact=ClassificationMetricArtifact(f1_score=0.9910441685324649, precision_score=0.9878271454656117, recall_score=0.9942822136001633), test_metric_artifact=ClassificationMetricArtifact(f1_score=0.9767441860465116, precision_score=0.9702427564604542, recall_score=0.9833333333333333))
[ 2025-08-24 17:46:11,535 ] 42 root - INFO - Model Training artifact created
